7307
11975
2523
4752
9544
8062
-1170
-4126
-7597
-6862
-12192
-4880
-1260
-6072
-12128
-4940
-7957
-10607
-2920
-2064
5159
1918
-6756
-504
-8434
-14101
-23250
-15495
-8794
-16138
-9579
-17537
-24332
-25400
-25775
-23794
-14691
-15146
-10792
-18675
-12644
-17190
-11789
-10226
-10740
-9809
-17213
-10269
-19361
-21520
-20620
-19221
-20382
-21528
-21549
-21289
-24314
-19535
-10439
-18376
-9502
-12327
-16264
-20580
-20853
-16459
-7914
-1165
5776
-709
-1447
-2203
652
4216
7501
14879
9489
-418
2176
-4018
-2155
-8801
-9079
-16989
-12384
-13944
-13494
-16388
-25510
-22221
-16033
-25973
-30153
-24686
-22763
-21396
-25344
-27765
-36271
-41569
-48590
-50201
-48592
-45785
-40519
-35465
-30989
-30741
-35819
-45495
-36640
-37283
-30887
-30172
-21078
-11617
-10120
-11465
-12157
-7935
-5869
-11578
-14021
-12450
-9825
-11985
-16858
-9494
-9171
-12815
-19762
-17715
-26940
-34599
-40996
-49174
-55094
-51349
-54572
-46324
-53620
-55454
-50048
-59406
-53548
-52150
-42207
-38164
-29190
-37006
-44753
-39771
-49573
-40929
-43515
-43002
-44142
-51283
-47784
-57561
-54194
-60181
-61957
-71504
-66748
-61752
-54313
-44925
-54387
-49918
-48643
-42063
-43200
-52747
-43481
-52969
-60067
-56773
-55136
-59162
-50849
-41392
-39063
-36821
-33022
-24324
-30744
-21067
-17889
-19632
-28961
-23747
-21422
-28581
-29482
-31729
-36735
-43503
-48532
-53165
-60059
-67585
-61465
-70786
-78678
-79812
-73249
-80250
-76670
-85505
-84562
-82441
-91309
-97197
-88046
-80954
-87680
-94056
-99243
-93193
-85009
-89915
-90619
-81488
-86835
-77755
-71918
-74208
-65260
-62964
-53257
-46986
-49847
-48957
-52079
-56062
-53576
-47142
-46239
-39717
-48629
-43533
-49972
-41056
-48396
-39172
-40935
-47877
-45828
-47105
-40874
-50487
-59781
-63902
-63812
-64610
-57469
-56378
-65833
-67409
-70041
-73903
-75844
-82821
-91687
-95453
-95002
-88313
-89984
-84175
-79967
-82707
-91543
-91820
-89651
-89681
-91306
-92158
-90804
-81328
-79260
-88001
-96813
-87159
-97131
-103985
-96084
-86383
-76438
-67545
-74392
-79942
-81585
-75504
-73516
-73868
-68246
-77664
-72114
-76749
-66858
-68299
-76171
-78143
-83898
-93370
-93783
-91821
-101536
-95210
-96853
-92824
-101692
-111161
-115039
-106208
-107261
-102952
-105848
-98870
-107639
-109324
-117044
-109261
-103681
-99156
-97088
-94458
-98138
-93330
-103103
-100847
-104459
-99861
-94208
-97365
-95535
-94614
-103587
-96888
-93105
-87059
-96084
-89299
-83529
-74419
-70232
-63480
-70909
-67182
-66889
-71199
-63663
-73650
-67644
-68801
-60453
-69518
-71531
-63127
-54360
-56350
-60138
-58430
-48690
-53260
-43417
-44510
-52573
-55275
-60332
-68896
-76854
-69555
-59832
-58750
-51188
-58930
-60563
-57852
-56275
-53138
-51483
-47557
-47723
-44395
-35599
-32067
-23645
-29605
-37338
-44418
-51399
-49425
-46593
-40160
-37058
-37205
-33325
-41324
-33490
-24397
-16094
-25817
-18772
-22042
-19524
-23627
-15363
-14500
-8563
-2874
-6198
-1785
6267
10427
7392
16108
24201
27282
19678
18528
12268
6483
3066
1164
-1308
-5669
3914
6232
-3196
-686
-5297
3594
3847
228
-4190
769
-2798
-6563
-7948
-71
4418
6216
7494
5862
9961
4469
1329
6143
4609
3181
281
-978
-4178
5673
-867
8244
713
-5930
-6210
-16189
-19019
-25101
-20927
-28051
-26698
-35185
-38173
-39868
-41040
-49759
-52422
-49489
-52266
-45115
-50691
-46440
-53128
-61027
-69626
-66491
-69671
-70020
-63185
-69897
-74602
-71431
-65134
-60239
-69008
-74624
-81779
-79351
-86046
-87780
-93396
-98550
-93168
-91851
-95862
-88998
-87627
-90778
-82311
-75557
-70877
-65909
-59333
-64973
-69165
-76382
-85902
-82468
-76151
-84754
-75062
-76001
-69846
-72623
-81451
-89985
-95840
-90298
-99353
-105650
-99350
-104149
-96630
-90970
-84702
-76563
-75903
-83053
-78202
-75166
-66046
-73254
-81471
-74738
-72789
-77158
-77162
-78865
-84060
-82226
-87374
-85470
-93254
-93593
-102219
-99609
-101798
-97502
-92161
-91554
-101431
-104309
-109318
-103015
-97344
-102245
-102112
-111605
-120874
-125581
-126154
-128589
-137886
-143396
-152992
-145171
-152407
-155138
-158752
-156870
-160594
-156087
-165930
-166761
-162453
-153725
-146781
-154242
-154367
-149582
-149271
-155009
-156737
-147849
-139490
-133646
-126988
-134334
-127678
-132149
-134646
-130796
-139074
-131243
-123480
-132093
-128820
-136550
-131835
-129970
-136665
-127409
-130064
-139682
-136748
-136883
-143247
-140833
-139079
-143086
-141011
-137606
-134524
-125730
-125134
-134922
-135963
-131456
-140892
-143666
-149987
-158578
-167587
-163745
-163837
-158699
-157027
-155241
-159275
-158849
-163125
-164280
-164435
-165483
-161027
-156492
-157321
-148505
-141938
-139900
-146666
-137409
-143764
-140089
-134786
-128920
-129217
-121802
-122043
-122746
-129458
-128814
-136039
-143146
-146457
-143486
-145063
-149979
-146847
-146072
-139537
-148715
-142781
-140461
-141372
-147054
-137287
-145519
-139896
-143507
-150943
-143342
-148996
-157385
-165263
-161307
-159395
-149756
-143413
-136862
-134576
-130727
-139236
-139143
-132257
-135180
-126935
-121395
-118612
-118703
-126409
-126717
-124913
-115782
-114800
-106776
-111693
-117760
-116383
-120637
-130128
-124444
-128420
-123220
-131027
-121405
-112572
-108759
-112122
-110654
-113384
-111035
-117961
-117671
-115671
-115029
-110294
-112122
-105120
-109329
-107639
-101588
-91802
-89689
-91866
-83769
-86108
-91928
-90682
-88620
-80742
-88456
-82248
-79981
-86997
-92844
-87408
-86935
-88755
-79174
-75108
-70543
-67252
-76744
-75562
-79422
-74253
-71292
-72344
-70866
-63181
-54427
-45188
-50356
-58480
-50699
-50220
-53831
-49553
-54137
-62774
-67573
-58952
-50753
-54735
-47072
-50409
-47511
-47679
-43781
-42582
-50641
-51883
-59091
-52797
-43606
-51693
-60089
-52279
-45103
-46728
-48085
-49709
-58111
-48576
-44165
-47629
-53627
-54531
-46308
-42919
-33478
-26573
-34186
-39132
-31363
-24736
-20495
-19135
-18264
-25915
-23924
-17070
-8307
-12023
-6326
-7770
-3899
-2515
-7814
-4242
-10690
-4227
-6752
-93
5905
806
2163
9304
8238
6117
11715
5593
-2762
4164
9479
11904
6929
10187
2395
2695
5592
11546
17769
17469
20193
14985
19873
27191
17412
18424
15896
10178
17862
21910
28436
32192
30850
28743
27126
29525
39302
29401
32117
29403
35609
31293
32347
41173
44824
44183
53832
44512
42906
48451
49625
59112
61921
55533
57770
65903
64867
60273
53328
47183
39922
33010
38407
33249
42392
49521
51231
57492
59187
56761
53267
43714
36248
31417
23431
25723
15839
6202
-1706
-1604
4032
10910
4051
12092
12692
8804
8920
2192
2329
-6099
-11329
-15843
-18461
-11313
-2429
-6238
-12926
-14133
-5839
-5504
-5245
-728
-9783
-9728
-17302
-13120
-10881
-20762
-18860
-27097
-29633
-27107
-35337
-25909
-34623
-37694
-34708
-28834
-27696
-18808
-16905
-14443
-5822
3035
-6220
-4346
-10299
-16931
-25448
-26514
-21264
-17553
-19235
-17907
-14598
-9661
-11525
-20357
-26855
-19460
-14236
-7866
-4740
-2609
-5647
-4800
-12083
-19442
-12331
-5215
-5052
-1542
4432
-3514
3370
6785
8705
4669
-244
-5129
-5465
4338
12323
3906
6825
9582
1703
2884
4499
4147
-687
4740
-2305
-10144
-7904
-17493
-25761
-34349
-32839
-41918
-46453
-53128
-55230
-52239
-60710
-53362
-56385
-61228
-68691
-75640
-67065
-67642
-57957
-63534
-62091
-64534
-61835
-57919
-57395
-61956
-69842
-69893
-79759
-72938
-73431
-82942
-73497
-81384
-79237
-76385
-85182
-78892
-71723
-81358
-81794
-87809
-79490
-77840
-77129
-77650
-69822
-78076
-74376
-66513
-75972
-84243
-76271
-76405
-83641
-91122
-97219
-101722
-100718
-100661
-107259
-99346
-108571
-108589
-117626
-116474
-122233
-120189
-127333
-131498
-124892
-134778
-143359
-142979
-137295
-131119
-127415
-129647
-128879
-122041
-117301
-116349
-118636
-127786
-119710
-127501
-129777
-134050
-135997
-142781
-148756
-157612
-164878
-171930
-178318
-181464
-188602
-194868
-196943
-202723
-193821
-189579
-196217
-202748
-195730
-205135
-195752
-202812
-194139
-198029
-200999
-192583
-187066
-179258
-181615
-182854
-180191
-178899
-179260
-179774
-170971
-178796
-175951
-174912
-175283
-169891
-160686
-169538
-164632
-156884
-156984
-166183
-172217
-174015
-166818
-167585
-175808
-177969
-185965
-192566
-198334
-200602
-195018
-204259
-199339
-189937
-199055
-204535
-204718
-212023
-213002
-203552
-197184
-190891
-191493
-182597
-180185
-178962
-180440
-187340
-192216
-193790
-190305
-188448
-188362
-178854
-171050
-162648
-164434
-155537
-156912
-163404
-159784
-163386
-166787
-164854
-167658
-161318
-170442
-171246
-167263
-166596
-168178
-170751
-168652
-176668
-172249
-165837
-173915
-178289
-181952
-189305
-179569
-174638
-170670
-162359
-166029
-160832
-166113
-165723
-169944
-165460
-170567
-176278
-181071
-184963
-184133
-193542
-198136
-208133
-203007
-194342
-184658
-194226
-187735
-187162
-186053
-183587
-177389
-176224
-185481
-184032
-175096
-178129
-186441
-188126
-196319
-195223
-199614
-208576
-202836
-201433
-203584
-204285
-211600
-219986
-217052
-215546
-212745
-213201
-215645
-222544
-222180
-221019
-216850
-226388
-223110
-223523
-230866
-221322
-222680
-219426
-223007
-216845
-217841
-210631
-208849
-217265
-215680
-206782
-204839
-203700
-203091
-202538
-195943
-192074
-197613
-201239
-193869
-201600
-193560
-194246
-203702
-204771
-206753
-198114
-197488
-194174
-201702
-205533
-206802
-205765
-197596
-201219
-200925
-198943
-197292
-189155
-190761
-184284
-188041
-195199
-199122
-190801
-192705
-185744
-181439
-184183
-191310
-187680
-184937
-180447
-186575
-195796
-193897
-190352
-189226
-182630
-191136
-185641
-188441
-192905
-187640
-195436
-202980
-201002
-201581
-193586
-184582
-188557
-179937
-178062
-177256
-183762
-177096
-170416
-177196
-179798
-180017
-183571
-187058
-196996
-203331
-196136
-199078
-203819
-196813
-191358
-182608
-180943
-178367
-173858
-183598
-192620
-183377
-180812
-187658
-191905
-184093
-186103
-194129
-202549
-203123
-193943
-195118
-186598
-189114
-187690
-197025
-196298
-200211
-191057
-194100
-203926
-202607
-196747
-190820
-195751
-190693
-193615
-200150
-191313
-196623
-199142
-201043
-210351
-203322
-211482
-212434
-210574
-214936
-223012
-218443
-226879
-222015
-227600
-231625
-240128
-235269
-229500
-236275
-236887
-240726
-243470
-243840
-243063
-252570
-242667
-235656
-230405
-228284
-231059
-240051
-233606
-232600
-227032
-221744
-222537
-226268
-236135
-236675
-235787
-226616
-235379
-231419
-233883
-242918
-250957
-242250
-244574
-239491
-243206
-239567
-243044
-250950
-242640
-241566
-233601
-243328
-250117
-259968
-260484
-252905
-261081
-269016
-271954
-263755
-263574
-258274
-263235
-260501
-252352
-255405
-259873
-251442
-254572
-263792
-259088
-255871
-246666
-237779
-229691
-230208
-220956
-213912
-221668
-229391
-234033
-243059
-243016
-244177
-242735
-243952
-249337
-259099
-268525
-276267
-267783
-265661
-258342
-262839
-262683
-264747
-258901
-258903
-260033
-260489
-255404
-264171
-258618
-259932
-261319
-267825
-263035
-272160
-281816
-284291
-293172
-292108
-282168
-278789
-288410
-287432
-289022
-284731
-286515
-287053
-286374
-278370
-271236
-262770
-264169
-271755
-272135
-278798
-284178
-277516
-274858
-277499
-279420
-276291
-270598
-278235
-278416
-284391
-290157
-282720
-291342
-283285
-288677
-288668
-286675
-287957
-284523
-278532
-286741
-284002
-292981
-292619
-297513
-287876
-296312
-300707
-296112
-296578
-296099
-304748
-299395
-294014
-302060
-293247
-286883
-291504
-284013
-280979
-271862
-264634
-269381
-262583
-261731
-260903
-265016
-264791
-268104
-266571
-267969
-266399
-268473
-261642
-270628
-272417
-281924
-281985
-291525
-289319
-289830
-295315
-290755
-288965
-297581
-299668
-293387
-286824
-277185
-269955
-271931
-266012
-274957
-274526
-277491
-268535
-269785
-271612
-278963
-284963
-290535
-293156
-301027
-302263
-292602
-293265
-303201
-303949
-299262
-302816
-305328
-307153
-307922
-311561
-318492
-323385
-326017
-322363
-316657
-306778
-315930
-313589
-308769
-303910
-300866
-308694
-307450
-308278
-304520
-311573
-320919
-318271
-320262
-315764
-316599
-319034
-319479
-324263
-329736
-325306
-322767
-327333
-326915
-323516
-329720
-328010
-324310
-324638
-321602
-316023
-321387
-312098
-313607
-317040
-309502
-312200
-321789
-330673
-323979
-330334
-330254
-339578
-346874
-347450
-337516
-345400
-346402
-336766
-330627
-321687
-321878
-315834
-318217
-314808
-316558
-317198
-313108
-304039
-297981
-297002
-290669
-286577
-296050
-288728
-282904
-277677
-283029
-290235
-292036
-284541
-276136
-278652
-275934
-281063
-285015
-280982
-278531
-271533
-269697
-272697
-268325
-267595
-271276
-266985
-272262
-270820
-279137
-273160
-281578
-281078
-289161
-295452
-297233
-304729
-295360
-296072
-302385
-311796
-313411
-320306
-315264
-320796
-316950
-326365
-329130
-338970
-347497
-337627
-342648
-339283
-343316
-347997
-339084
-332463
-339345
-343302
-351254
-357971
-364288
-368768
-362245
-364474
-365792
-371455
-378819
-384919
-389293
-384267
-376849
-376834
-374235
-374884
-381568
-373526
-373434
-380183
-386852
-394076
-400906
-392467
-385904
-377849
-383708
-375689
-376417
-377833
-379763
-382768
-391182
-392303
-383558
-387164
-395937
-402770
-396026
-400594
-407317
-412333
-416856
-409642
-412254
-420505
-420465
-422038
-426710
-422345
-417909
-425646
-426695
-419461
-427788
-419423
-423239
-418852
-413393
-420960
-426909
-435637
-430186
-439259
-437527
-445863
-443853
-437301
-430251
-423863
-432883
-430066
-428047
-431848
-432243
-441832
-439359
-430306
-439378
-439225
-429503
-434870
-441748
-435046
-428246
-420219
-418930
-423632
-429707
-419831
-428717
-421674
-423445
-432520
-425944
-418243
-421264
-428838
-435466
-429846
-429694
-427532
-427433
-422763
-431629
-426757
-432807
-427540
-417844
-422383
-427259
-418643
-416345
-423141
-424241
-422584
-419784
-419696
-410483
-408246
-401752
-396541
-399250
-406199
-406667
-404158
-397666
-404660
-412531
-420469
-428804
-424709
-415148
-411438
-417595
-425284
-418797
-427653
-421129
-430930
-439240
-430613
-437576
-443121
-435828
-437168
-434449
-425310
-424406
-422937
-432175
-436094
-440171
-439369
-437697
-428085
-421392
-412595
-416350
-419269
-418228
-408719
-417678
-426433
-420779
-411992
-421620
-430549
-422580
-428213
-426031
-419412
-411624
-412621
-407834
-407877
-414818
-420699
-428994
-423289
-418796
-418665
-421676
-419628
-413037
-407277
-406463
-415625
-409068
-412552
-406461
-412670
-406036
-402360
-409806
-409711
-410409
-419541
-428969
-430303
-439603
-448714
-456645
-457577
-448164
-447564
-445281
-452760
-445944
-449150
-453915
-462673
-463422
-464412
-455536
-454929
-450905
-449963
-452295
-450718
-459732
-469015
-473335
-470943
-469928
-476806
-468871
-465210
-467488
-467812
-469230
-472330
-475821
-473277
-473420
-476617
-474002
-466950
-457624
-454120
-452647
-455628
-457192
-456901
-466592
-466293
-474933
-477784
-480894
-472958
-473242
-475945
-468681
-473868
-476118
-473669
-481458
-481958
-473388
-477673
-483899
-474746
-473164
-474838
-471484
-475195
-483712
-487602
-483861
-484579
-477391
-473119
-472988
-470655
-461974
-464676
-456613
-452555
-442809
-442352
-448773
-454117
-456863
-447618
-453051
-447705
-447991
-443059
-440647
-435406
-442460
-444765
-449308
-453356
-455928
-461792
-463261
-466148
-463521
-470619
-473277
-471992
-480056
-481269
-480936
-478266
-481082
-472941
-464449
-468178
-460370
-461338
-464486
-458765
-465069
-457862
-451118
-457754
-452488
-461146
-463665
-462592
-459562
-450366
-445232
-437061
-436918
-435260
-439847
-444967
-447378
-452258
-451523
-444034
-435640
-425950
-420203
-428436
-427406
-428099
-434775
-439820
-430601
-433223
-428981
-420934
-422590
-422489
-425530
-427331
-437160
-432789
-434590
-425421
-422598
-428220
-424154
-420036
-417004
-411359
-405305
-405051
-404268
-405371
-408078
-401462
-406549
-410760
-404307
-408588
-413406
-412628
-420486
-428730
-428068
-426759
-436521
-432514
-427385
-431818
-424093
-414851
-421895
-412989
-415326
-420602
-414744
-420446
-426328
-424522
-416971
-412683
-419083
-411961
-415106
-411965
-408126
-416578
-419689
-415237
-409512
-408966
-406359
-397232
-398953
-389673
-380242
-379361
-374897
-366705
-374270
-365727
-362928
-369314
-376985
-370078
-364536
-373683
-368813
-369489
-373551
-369036
-365740
-365559
-363583
-362744
-363996
-373332
-373078
-365539
-371672
-367437
-373887
-368375
-374000
-370837
-366964
-360507
-358722
-352640
-347519
-354403
-358083
-354349
-347570
-352016
-346459
-339647
-342570
-335783
-331422
-325342
-315918
-311394
-302760
-310472
-310217
-302818
-307249
-308354
-314698
-305473
-298922
-296738
-305903
-303003
-305356
-303242
-309414
-307434
-301869
-291968
-293310
-291980
-293197
-297296
-301873
-308541
-315892
-309555
-306651
-300985
-304712
-301851
-303745
-308270
-317929
-308783
-306809
-304446
-297443
-289140
-283414
-273472
-277455
-268638
-268285
-275913
-268327
-259415
-250248
-251920
-243480
-243975
-243214
-242329
-234296
-243745
-238926
-238958
-241199
-241145
-247759
-254661
-247273
-250964
-250033
-250849
-258575
-256913
-256842
-250995
-259517
-250280
-257086
-255387
-253485
-254086
-244784
-246717
-243286
-238438
-248226
-239251
-243490
-250077
-257685
-257452
-254816
-261669
-260167
-261011
-253906
-257272
-252112
-255429
-255364
-246478
-245023
-247666
-239502
-232101
-232550
-229244
-229756
-223274
-222473
-231764
-238052
-236537
-237472
-246027
-238913
-238403
-236678
-240718
-246886
-246636
-236916
-244384
-250669
-251486
-257719
-263894
-257935
-265908
-256271
-261358
-251991
-255776
-248551
-252183
-242243
-245468
-241084
-242196
-241534
-248141
-250042
-250646
-248133
-257120
-250985
-245279
-241576
-239780
-247953
-250803
-243157
-242913
-238939
-232126
-230863
-226918
-219278
-215881
-213949
-209072
-209078
-208308
-215724
-217711
-225101
-217935
-223327
-221441
-230477
-234954
-225005
-219866
-217186
-225789
-223768
-227646
-234638
-231240
-225922
-227201
-224558
-229530
-222688
-213439
-213126
-212007
-210951
-216891
-212855
-203820
-212772
-213748
-221062
-231026
-222383
-216288
-223054
-231322
-231636
-236444
-240635
-242835
-238081
-234238
-233031
-242081
-240851
-246271
-252292
-258085
-257023
-264454
-266008
-264792
-271214
-278279
-276778
-274265
-280205
-288437
-290171
-290503
-300405
-299599
-297278
-302271
-307251
-316168
-317444
-320206
-320708
-314086
-305674
-300361
-310332
-314925
-322243
-326267
-322147
-323211
-326264
-332423
-324787
-334778
-328787
-336024
-343928
-353905
-347041
-356601
-358531
-365471
-362421
-368491
-376690
-376959
-382180
-391360
-395419
-404103
-407043
-414964
-424919
-432994
-425813
-425862
-425028
-416570
-415420
-409415
-407588
-415039
-419571
-421833
-412148
-417975
-420037
-423315
-429150
-421133
-419944
-428328
-424173
-433074
-430365
-421451
-428698
-428481
-420823
-426194
-417174
-414397
-423180
-426574
-428117
-423540
-414167
-410506
-413020
-419681
-414172
-419206
-420791
-428438
-426959
-418513
-411167
-421037
-428398
-420973
-425920
-417955
-415337
-414275
-422649
-413777
-411744
-420873
-422279
-426966
-435690
-432249
-438849
-447625
-443035
-433354
-424908
-416220
-415841
-411733
-420982
-420065
-422693
-419217
-413841
-415241
-409313
-418945
-415654
-406927
-402462
-395077
-385983
-391685
-394001
-403062
-406415
-407452
-404841
-411616
-420345
-412573
-403005
-411694
-411612
-419752
-412197
-415767
-415184
-420646
-418983
-410974
-417395
-427140
-432027
-435586
-436076
-428422
-423210
-413862
-420616
-413474
-416937
-417419
-416975
-419571
-420034
-417285
-408162
-417451
-425947
-423394
-431266
-424219
-426409
-422605
-431436
-435592
-428807
-428594
-426522
-434192
-424507
-433294
-435538
-428265
-433948
-424007
-433086
-437607
-441175
-438763
-430190
-426103
-426755
-425165
-420112
-422557
-415753
-425642
-428443
-419300
-420989
-424463
-431334
-435360
-429069
-433538
-432224
-422762
-428477
-427584
-418572
-417456
-416543
-417300
-409036
-401879
-404662
-410081
-406843
-402663
-393966
-402079
-403479
-401514
-397625
-395424
-395042
-386013
-384102
-376856
-384264
-382993
-375621
-372755
-382334
-377791
-372796
-366441
-365804
-367990
-367872
-360319
-363565
-366220
-372356
-364524
-369404
-371421
-378003
-374524
-371977
-363902
-364374
-366791
-374333
-366023
-357463
-359840
-365128
-370725
-368130
-371273
-361698
-369836
-365433
-372864
-377057
-369769
-368563
-365571
-373166
-377112
-385280
-391947
-395222
-401753
-406835
-410119
-409517
-417695
-414367
-414392
-412114
-410693
-408506
-401676
-401007
-410305
-405062
-400942
-405114
-411177
-407125
-407114
-402321
-397148
-393747
-389834
-381612
-382653
-380332
-375931
-366536
-367917
-364757
-368406
-377321
-384876
-383724
-378897
-377747
-376051
-370619
-372743
-374550
-380035
-374484
-366776
-370540
-368405
-371562
-375803
-371857
-370454
-362238
-365663
-368413
-363436
-371749
-366824
-371140
-364782
-359733
-367168
-363094
-366616
-363256
-361930
-370388
-370651
-372545
-365446
-368230
-361744
-351752
-355434
-364943
-369776
-367190
-358224
-362741
-360569
-370317
-362357
-359285
-357769
-356878
-361791
-366614
-367436
-375941
-382338
-391600
-395952
-389828
-387879
-382953
-388244
-397048
-402307
-395141
-403929
-413063
-406433
-405841
-414377
-405214
-412008
-415985
-421162
-429794
-425732
-431047
-425739
-417502
-409591
-401804
-401011
-391044
-396450
-405957
-409285
-418407
-417614
-412411
-403532
-410185
-401886
-396699
-405126
-409989
-419039
-418977
-426473
-427573
-433988
-430826
-434048
-433094
-439360
-446637
-446574
-452106
-446032
-450757
-451227
-443322
-444221
-434838
-434370
-428003
-426981
-425416
-425472
-421768
-427237
-422311
-430527
-435184
-433020
-439021
-438309
-434552
-430656
-426632
-433777
-430960
-429186
-431167
-433338
-436277
-444377
-440439
-435405
-430569
-426620
-420844
-418521
-422749
-416061
-420501
-411603
-407844
-400225
-396674
-395593
-400339
-393765
-396423
-389348
-380012
-385683
-388013
-396902
-392195
-390782
-398827
-398620
-391175
-391773
-386974
-393373
-396266
-404976
-404906
-413334
-419562
-426223
-422280
-428894
-435758
-433690
-429784
-424945
-417900
-421464
-419538
-413450
-409096
-399384
-392919
-389725
-390938
-383591
-389097
-392848
-398044
-398017
-405231
-402837
-397176
-405712
-410893
-418876
-425625
-431881
-430355
-426129
-424446
-421712
-427492
-419447
-427921
-437288
-443246
-444407
-435961
-430679
-437088
-440527
-436866
-444725
-446365
-452221
-449199
-456720
-447272
-453706
-453150
-447094
-438763
-441740
-432025
-428274
-421792
-425072
-425718
-419823
-422240
-418125
-408608
-403274
-399245
-407682
-405031
-398867
-389963
-391906
-383260
-390341
-388942
-393457
-385809
-378536
-371911
-367825
-361352
-362098
-371731
-380953
-375340
-366974
-372464
-364067
-373338
-376246
-378088
-385811
-378552
-374743
-373306
-366761
-364935
-360099
-363343
-359426
-356352
-348881
-358379
-350131
-340867
-342297
-348824
-343094
-335509
-339559
-334026
-341261
-341348
-348600
-343678
-351380
-355284
-360169
-358566
-353828
-354169
-349549
-354496
-351121
-350942
-349380
-341696
-341921
-346289
-352827
-351577
-346104
-343874
-337535
-346196
-341416
-351052
-358822
-361488
-356250
-354596
-346773
-337055
-343884
-341173
-341402
-340941
-339607
-338833
-332970
-342036
-340965
-343605
-344342
-338228
-329522
-336780
-341192
-336603
-340230
-333275
-330764
-324373
-326137
-323302
-333038
-341590
-335201
-344729
-340328
-345224
-354504
-357325
-363591
-365798
-365560
-361057
-353171
-344787
-350149
-352677
-358962
-354404
-353395
-351942
-360236
-362996
-371814
-375769
-380484
-376807
-373395
-368854
-368819
-375257
-368642
-374236
-374943
-376398
-379833
-381695
-390413
-387129
-384901
-394583
-384751
-393866
-388600
-380695
-377598
-369938
-365822
-358932
-353301
-351685
-344704
-347513
-345217
-349279
-342720
-334751
-340244
-340797
-330906
-334761
-330938
-326505
-329962
-330783
-335927
-344450
-338157
-331224
-329043
-334970
-340129
-342260
-337028
-341461
-347498
-353154
-362531
-365938
-366020
-370569
-371763
-373396
-370536
-364484
-363395
-354838
-347395
-355168
-357010
-362220
-366427
-359300
-364287
-360447
-366794
-369151
-378996
-386172
-392927
-400701
-402054
-401259
-402591
-393268
-395568
-400385
-403680
-403901
-413302
-407238
-411978
-410608
-413989
-406050
-399620
-395710
-389206
-394202
-402427
-410911
-416588
-426103
-425399
-426369
-426811
-419981
-421102
-421138
-425810
-419607
-420980
-423537
-419331
-425626
-434537
-438852
-448756
-450599
-447263
-440238
-438726
-433527
-435664
-438011
-431317
-426650
-427290
-434540
-434528
-431961
-439222
-438669
-429272
-428879
-437155
-427821
-427270
-435312
-439651
-430067
-434736
-428313
-431572
-435514
-436672
-437694
-430622
-430672
-440502
-433274
-443072
-447198
-445826
-445214
-442100
-434005
-441525
-435692
-441693
-450892
-452851
-453314
-448555
-446501
-451691
-449801
-443968
-439304
-448802
-450980
-457785
-467407
-475038
-476946
-476142
-476799
-471794
-479077
-478285
-481398
-477702
-469705
-462625
-466755
-457583
-460673
-464509
-465705
-467585
-462150
-453770
-456170
-462760
-454830
-445285
-451514
-458486
-450200
-460043
-454643
-457370
-454317
-461871
-454942
-448784
-454279
-455100
-463151
-464783
-465231
-473843
-464477
-466555
-457906
-462055
-459139
-452744
-455461
-449469
-449995
-455730
-446653
-443972
-440446
-446008
-448591
-444324
-449582
-454438
-445399
-445924
-444486
-434541
-424997
-415408
-424273
-422746
-428937
-422501
-412515
-406126
-408713
-412415
-409580
-407025
-398290
-388734
-387397
-384854
-383684
-389242
-382084
-374668
-373780
-376374
-380712
-375035
-378081
-372953
-377797
-381452
-389508
-394160
-391569
-394612
-385469
-386968
-386419
-395364
-394777
-388534
-395557
-386256
-377972
-380419
-376634
-383024
-389932
-398374
-388600
-386489
-392847
-385376
-382800
-375374
-380092
-385223
-380817
-373106
-369215
-362670
-369797
-366348
-367168
-363755
-357104
-356629
-360259
-354687
-355353
-347964
-338612
-347201
-345158
-342775
-336462
-331026
-338391
-333821
-342712
-347627
-356496
-357206
-355580
-360736
-359242
-364447
-360904
-362698
-357691
-348872
-345523
-348390
-343658
-348931
-340821
-345720
-337102
-328987
-336022
-343628
-336409
-337927
-329108
-320794
-325122
-323051
-323725
-325847
-332680
-337398
-327914
-335724
-341920
-344074
-337118
-331113
-340395
-331461
-339245
-345537
-341959
-334163
-341650
-335461
-344448
-346136
-336472
-332674
-325562
-329764
-337342
-346573
-340612
-333195
-326501
-325237
-324678
-318780
-325963
-317569
-318861
-310217
-308247
-300978
-297510
-303893
-305062
-312072
-316162
-313910
-313382
-308762
-307935
-309070
-313873
-305522
-304781
-307945
-304374
-309190
-303280
-302751
-302681
-294752
-290717
-289534
-290586
-298628
-306037
-311163
-312647
-308021
-299209
-298378
-302046
-300184
-296831
-300703
-304110
-309467
-309404
-304421
-312499
-320508
-314204
-319009
-321410
-316590
-311570
-308814
-312062
-302360
-312020
-311460
-303441
-312873
-307986
-302552
-294089
-287301
-280910
-287479
-280665
-285234
-283935
-286946
-286331
-279994
-284670
-275567
-280878
-276730
-284328
-288014
-283386
-290353
-293937
-286879
-279990
-275836
-285549
-286568
-290793
-299034
-295585
-287764
-279303
-289022
-279337
-282289
-288099
-288889
-282255
-272785
-271806
-269268
-261921
-252606
-244591
-235688
-238808
-236611
-227489
-232428
-226802
-230796
-225609
-233962
-226817
-231934
-222344
-228773
-223127
-214346
-222119
-226406
-222860
-221174
-230984
-237152
-233525
-228541
-230935
-222565
-229997
-232908
-227433
-231814
-237312
-235802
-239851
-245563
-248002
-249632
-241219
-235183
-239062
-233022
-229686
-236717
-236416
-233419
-235509
-243823
-253720
-255273
-260083
-261033
-259524
-257078
-260802
-266900
-265016
-258399
-262913
-268276
-262562
-264997
-260110
-253281
-253096
-260703
-256964
-266033
-265915
-259958
-263669
-255925
-264798
-260880
-257082
-247461
-240655
-242176
-251420
-252684
-261107
-261641
-256648
-258256
-261571
-262896
-271897
-268604
-262081
-256230
-252305
-259060
-263187
-265765
-275314
-281458
-286024
-291781
-300808
-305550
-306790
-299008
-300134
-294431
-296946
-291875
-301283
-295354
-295107
-294625
-294267
-293938
-299764
-297715
-298537
-288619
-284436
-276641
-285907
-288879
-290926
-281405
-287608
-282282
-289628
-282543
-276510
-281493
-286996
-281814
-282644
-290726
-282509
-274048
-269514
-270246
-263617
-265783
-262634
-254821
-249208
-255471
-254440
-249477
-248059
-253843
-246633
-248455
-256545
-259508
-250757
-245392
-246638
-237362
-227805
-234723
-235710
-238164
-247634
-243608
-246614
-241015
-241791
-236716
-235679
-226703
-234282
-232651
-229627
-224417
-225546
-217707
-218945
-216654
-223342
-214320
-224237
-227805
-217873
-223884
-222778
-221443
-224938
-234893
-244269
-254145
-261644
-261839
-270122
-260869
-264851
-271790
-269827
-261680
-265589
-273911
-271704
-279705
-276267
-266794
-266315
-263385
-255859
-251076
-258853
-256550
-254693
-258222
-248479
-245757
-245431
-242390
-251352
-258584
-255530
-255694
-258025
-267972
-263395
-270302
-273916
-272591
-276788
-270081
-278857
-287077
-295709
-288499
-289036
-284784
-277454
-282425
-289356
-290182
-293460
-295095
-302415
-295701
-297217
-304675
-307572
-313962
-306314
-314825
-320661
-328607
-335804
-333941
-336254
-326700
-318877
-322707
-332341
-330507
-339499
-342778
-334892
-330183
-339172
-338337
-337656
-342925
-345599
-337796
-345266
-340722
-331039
-334880
-325923
-332303
-337040
-333762
-327933
-318425
-326752
-318444
-316465
-315098
-305801
-298215
-294684
-303392
-305093
-311049
-311773
-314751
-320241
-318599
-316757
-316987
-319989
-329513
-336048
-342354
-337719
-346474
-345739
-352270
-348390
-355497
-361478
-361004
-358269
-364085
-354335
-353770
-360878
-365087
-368891
-370633
-365855
-364320
-360710
-364963
-361865
-370391
-365299
-374893
-375441
-376120
-380594
-382804
-374958
-382544
-383271
-390644
-393898
-395045
-389659
-398444
-397894
-390865
-385941
-376511
-382044
-382651
-387129
-378534
-379669
-372617
-374547
-377580
-379465
-375696
-367864
-368335
-369045
-368379
-359547
-364755
-364292
-368387
-368004
-376277
-371808
-366127
-357793
-357939
-358612
-350579
-352823
-360975
-365416
-374277
-373786
-367829
-362247
-356961
-355739
-364216
-360026
-362318
-360198
-350768
-349469
-358094
-360768
-353414
-344913
-349252
-352826
-355410
-363870
-373779
-377867
-387429
-380207
-380378
-389889
-396485
-390842
-383986
-385670
-377346
-381791
-385022
-382964
-390635
-383264
-386086
-386811
-379468
-383996
-386868
-386788
-396369
-404870
-405149
-412974
-421625
-424485
-432682
-426075
-431328
-424457
-428317
-436320
-434490
-431092
-437318
-437907
-429773
-432768
-440225
-433507
-442303
-438928
-434210
-442269
-445111
-451537
-444092
-436438
-441897
-442216
-452075
-445141
-443210
-444992
-448275
-443956
-448316
-456035
-446932
-444012
-453824
-461553
-458922
-454885
-456928
-454745
-458137
-466816
-475089
-481547
-478703
-473454
-473023
-464278
-469815
-467384
-459203
-463909
-455341
-458311
-463938
-470156
-464402
-462115
-467874
-470952
-479236
-483341
-490421
-494689
-501447
-505770
-500623
-508958
-503161
-494594
-499735
-508492
-516446
-524467
-521139
-520492
-515313
-506794
-508511
-504462
-509178
-506688
-504197
-503135
-498300
-502330
-492734
-497313
-499593
-494603
-485593
-488743
-480171
-486229
-493422
-501060
-506626
-500008
-505599
-512595
-520049
-515802
-507974
-499779
-489810
-483715
-473831
-475525
-471726
-473505
-473005
-482035
-490164
-482623
-488650
-492872
-500189
-508114
-501674
-499332
-492329
-499470
-499475
-509297
-505722
-498925
-496728
-502417
-506413
-513134
-512204
-520180
-510948
-503659
-509686
-509459
-504153
-495683
-487771
-486320
-492765
-501179
-496295
-490608
-498039
-501305
-511035
-501120
-496321
-492593
-488365
-485749
-478489
-474921
-468890
-474922
-479920
-489110
-487070
-496473
-504009
-500006
-502293
-493354
-491856
-497278
-503339
-500077
-498837
-502651
-496409
-497400
-498287
-501057
-508120
-510854
-515030
-517550
-522677
-531825
-522906
-527675
-535752
-537964
-544365
-537692
-546308
-553768
-546481
-555616
-559026
-550127
-557936
-551823
-545502
-538824
-544063
-544222
-541904
-533577
-533374
-540612
-547374
-550840
-547736
-547699
-547550
-548974
-552033
-557353
-550250
-541585
-535842
-528180
-519560
-518064
-519963
-511993
-512210
-511215
-510447
-507628
-498788
-504894
-500415
-508233
-508091
-515790
-511414
-514845
-511592
-510632
-506780
-497165
-490768
-481604
-473964
-480980
-475151
-479652
-482883
-480788
-474503
-470475
-471736
-480013
-485330
-490619
-485744
-491909
-498419
-506449
-508981
-516896
-521026
-526971
-525548
-523275
-516653
-523204
-521426
-528828
-523847
-522065
-512394
-506849
-497164
-503199
-498909
-493005
-490261
-488104
-486251
-485041
-487490
-483405
-478936
-484946
-493007
-497470
-506988
-510268
-512132
-513721
-512926
-509937
-514436
-522929
-517806
-523794
-526757
-531119
-527314
-532142
-539093
-544116
-549888
-552396
-551239
-548388
-557016
-564676
-564872
-570432
-578800
-574233
-575201
-573386
-572534
-573901
-564487
-565372
-560063
-555701
-565420
-558399
-565709
-566590
-570007
-566407
-570191
-561536
-563976
-556827
-553718
-546066
-549647
-551698
-550262
-558633
-562878
-564280
-554327
-563764
-567595
-558979
-563265
-571565
-566940
-559860
-553686
-560906
-551639
-550726
-554159
-550527
-557000
-551591
-551548
-560797
-563936
-568478
-560747
-570653
-573019
-563602
-570693
-573985
-578012
-577735
-583541
-585263
-588272
-583349
-576672
-582364
-587911
-579907
-572884
-577293
-571454
-565155
-572836
-565488
-560692
-563111
-568534
-576253
-570532
-575740
-566498
-568115
-572467
-564513
-561909
-563443
-570783
-564140
-558746
-566184
-563072
-554572
-551420
-559131
-557645
-552400
-549171
-549186
-551272
-557931
-560340
-564662
-567080
-574681
-572444
-581170
-583924
-583907
-578113
-568124
-573410
-569568
-560494
-562279
-555648
-563171
-557823
-567172
-571076
-579011
-574545
-581347
-582443
-589221
-597823
-605691
-599808
-601047
-594937
-603871
-605979
-598247
-605698
-604312
-598495
-602535
-603231
-599200
-599643
-595651
-590257
-584130
-576119
-579199
-577449
-573696
-568222
-568949
-562729
-556193
-554062
-558286
-562431
-566863
-557969
-556386
-557331
-552892
-550929
-541999
-550129
-540954
-543156
-534170
-537186
-528927
-538606
-544543
-536182
-532343
-539465
-531575
-540084
-535567
-529723
-533709
-525373
-523467
-525898
-528678
-526807
-534869
-538015
-534858
-539562
-548784
-547527
-554085
-545617
-547195
-543287
-546114
-548322
-545047
-543734
-548562
-545231
-542947
-542470
-542124
-543246
-549073
-551599
-558494
-565631
-574687
-569333
-569935
-579732
-578237
-570217
-568159
-574549
-579349
-583535
-577513
-569487
-564618
-562595
-565712
-562475
-553930
-553897
-543978
-549913
-546668
-546291
-547349
-555726
-558907
-567622
-568353
-569017
-574199
-579219
-585333
-589809
-595869
-587204
-588107
-588791
-590218
-584498
-590758
-592334
-587237
-586944
-595125
-591568
-591716
-593442
-601354
-598616
-605512
-612556
-609142
-606336
-600831
-592972
-583021
-580172
-575014
-578887
-576368
-571012
-561208
-565911
-568166
-575143
-583097
-574991
-578517
-569799
-577966
-571079
-571172
-566110
-557195
-548376
-553999
-547107
-556526
-566473
-561717
-566121
-570168
-565929
-575206
-569189
-562912
-565445
-555668
-565403
-572269
-579958
-579173
-588965
-586286
-589125
-598003
-594951
-594093
-601559
-609111
-617261
-609867
-608352
-598946
-604916
-614448
-604733
-613187
-623073
-620270
-621647
-613754
-605101
-614454
-614445
-613065
-612679
-614149
-621164
-627162
-629844
-637362
-644228
-649811
-649573
-639957
-630337
-634705
-630655
-630615
-634218
-634214
-638640
-647775
-654530
-662592
-658535
-662818
-661372
-663494
-660732
-656014
-646083
-641770
-633397
-639621
-636231
-636734
-628265
-624253
-627881
-632709
-634075
-627276
-635482
-640207
-649865
-653750
-648879
-642596
-638444
-630889
-621470
-622690
-626727
-627687
-623209
-632657
-625086
-629095
-631372
-625784
-618091
-622085
-615088
-613853
-604488
-602374
-600501
-604571
-613908
-608685
-617447
-617102
-611815
-620078
-611051
-611042
-616914
-622585
-613373
-618658
-625715
-634162
-634900
-634575
-644449
-649307
-639525
-644393
-644760
-638495
-629256
-627301
-620423
-624021
-625586
-634891
-629768
-639648
-643289
-638340
-642441
-636465
-637318
-645930
-655577
-661243
-662128
-664799
-661838
-668067
-677602
-667837
-663683
-657942
-648233
-652340
-642458
-632720
-639094
-640592
-650280
-650631
-656744
-659408
-654141
-652175
-653490
-655148
-660437
-669175
-664013
-660224
-667114
-676134
-675089
-665916
-669500
-660619
-658681
-659886
-662515
-662448
-661253
-663342
-671024
-661170
-658212
-664696
-664875
-669429
-672104
-668334
-665749
-671153
-668938
-671893
-662201
-657567
-654587
-648169
-645337
-636822
-638310
-645313
-643887
-638738
-647215
-640202
-644293
-643538
-650149
-652597
-642921
-650707
-649989
-648924
-649472
-649811
-644444
-640788
-649606
-639970
-631979
-628861
-627730
-636844
-638973
-646276
-655799
-657734
-654863
-655322
-650647
-659637
-653019
-654748
-648482
-646765
-638312
-647505
-656883
-652383
-661699
-666000
-668445
-667991
-667636
-664557
-669332
-668184
-667625
-672094
-668252
-661060
-655524
-657932
-663366
-656665
-653612
-654803
-657622
-665743
-658103
-659004
-654856
-657302
-661379
-652956
-651371
-653384
-659349
-660231
-657108
-656573
-660540
-654884
-661839
-671768
-671739
-672110
-673334
-680517
-684312
-692054
-691674
-697831
-697785
-693152
-692491
-691282
-687212
-681148
-684113
-677035
-681922
-672653
-664592
-654594
-657092
-653876
-657235
-660150
-652635
-647343
-652576
-644590
-641956
-636685
-642118
-637694
-643076
-652288
-655929
-663748
-667893
-666574
-662020
-656194
-652238
-660534
-661592
-666120
-667937
-677852
-680580
-679325
-683521
-691405
-692610
-684257
-680590
-679531
-684118
-674203
-671402
-679313
-673901
-675430
-685224
-675967
-676481
-681179
-689989
-689296
-683557
-693181
-685497
-677940
-685168
-683901
-688377
-698141
-693253
-694408
-687805
-690944
-699382
-708115
-701661
-705470
-700214
-695588
-692366
-682789
-683643
-680531
-677204
-682800
-680311
-689654
-692854
-683134
-678297
-684400
-681898
-674575
-672111
-669991
-674947
-672975
-673693
-675769
-682378
-676949
-684035
-677784
-673666
-669062
-666174
-658153
-664970
-671706
-664040
-660551
-656096
-653067
-652905
-645700
-636906
-633593
-639472
-640674
-640543
-646604
-650595
-644276
-647776
-640938
-641527
-651219
-644961
-641218
-634769
-639587
-632041
-624282
-614507
-604698
-608888
-618712
-617019
-608308
-616826
-619430
-611822
-616657
-608238
-609357
-607782
-615617
-622510
-624284
-620132
-629731
-621039
-626068
-623858
-617859
-614848
-609154
-611194
-611749
-610658
-600990
-608531
-602397
-593575
-589500
-591818
-595621
-596383
-593262
-601632
-599049
-601840
-594805
-598706
-602158
-608497
-599373
-603646
-610712
-612790
-621256
-630047
-634469
-630687
-627007
-629455
-623457
-627949
-634586
-637017
-628193
-637764
-634880
-642837
-652634
-642941
-636265
-627006
-633738
-634914
-626022
-628926
-625944
-629197
-628590
-621668
-620855
-616119
-613271
-611264
-620088
-626430
-634848
-633984
-641047
-648339
-651490
-646277
-638555
-642445
-641937
-639848
-641585
-639187
-633902
-643477